0 info it worked if it ends with ok
1 verbose cli [ '/usr/local/bin/node', '/usr/local/bin/npm', 'install' ]
2 info using npm@1.4.28
3 info using node@v0.10.33
4 warn package.json citizen-engagement@1.0.0 No repository field.
5 verbose readDependencies using package.json deps
6 verbose install where, deps [ '/Users/quentindelattre/Documents/HEIG/CC3144_Informatique_Integration/AppMob/citizen-engagement',
6 verbose install   [ 'gulp',
6 verbose install     'gulp-sass',
6 verbose install     'gulp-concat',
6 verbose install     'gulp-minify-css',
6 verbose install     'gulp-rename',
6 verbose install     'bower',
6 verbose install     'gulp-util',
6 verbose install     'shelljs' ] ]
7 info preinstall citizen-engagement@1.0.0
8 verbose readDependencies using package.json deps
9 verbose cache add [ 'gulp-sass@^0.7.1', null ]
10 verbose cache add name=undefined spec="gulp-sass@^0.7.1" args=["gulp-sass@^0.7.1",null]
11 verbose parsed url { protocol: null,
11 verbose parsed url   slashes: null,
11 verbose parsed url   auth: null,
11 verbose parsed url   host: null,
11 verbose parsed url   port: null,
11 verbose parsed url   hostname: null,
11 verbose parsed url   hash: null,
11 verbose parsed url   search: null,
11 verbose parsed url   query: null,
11 verbose parsed url   pathname: 'gulp-sass@^0.7.1',
11 verbose parsed url   path: 'gulp-sass@^0.7.1',
11 verbose parsed url   href: 'gulp-sass@^0.7.1' }
12 verbose cache add [ 'gulp-concat@^2.2.0', null ]
13 verbose cache add name=undefined spec="gulp-concat@^2.2.0" args=["gulp-concat@^2.2.0",null]
14 verbose parsed url { protocol: null,
14 verbose parsed url   slashes: null,
14 verbose parsed url   auth: null,
14 verbose parsed url   host: null,
14 verbose parsed url   port: null,
14 verbose parsed url   hostname: null,
14 verbose parsed url   hash: null,
14 verbose parsed url   search: null,
14 verbose parsed url   query: null,
14 verbose parsed url   pathname: 'gulp-concat@^2.2.0',
14 verbose parsed url   path: 'gulp-concat@^2.2.0',
14 verbose parsed url   href: 'gulp-concat@^2.2.0' }
15 verbose cache add [ 'gulp-minify-css@^0.3.0', null ]
16 verbose cache add name=undefined spec="gulp-minify-css@^0.3.0" args=["gulp-minify-css@^0.3.0",null]
17 verbose parsed url { protocol: null,
17 verbose parsed url   slashes: null,
17 verbose parsed url   auth: null,
17 verbose parsed url   host: null,
17 verbose parsed url   port: null,
17 verbose parsed url   hostname: null,
17 verbose parsed url   hash: null,
17 verbose parsed url   search: null,
17 verbose parsed url   query: null,
17 verbose parsed url   pathname: 'gulp-minify-css@^0.3.0',
17 verbose parsed url   path: 'gulp-minify-css@^0.3.0',
17 verbose parsed url   href: 'gulp-minify-css@^0.3.0' }
18 verbose cache add name="gulp-sass" spec="^0.7.1" args=["gulp-sass","^0.7.1"]
19 verbose parsed url { protocol: null,
19 verbose parsed url   slashes: null,
19 verbose parsed url   auth: null,
19 verbose parsed url   host: null,
19 verbose parsed url   port: null,
19 verbose parsed url   hostname: null,
19 verbose parsed url   hash: null,
19 verbose parsed url   search: null,
19 verbose parsed url   query: null,
19 verbose parsed url   pathname: '^0.7.1',
19 verbose parsed url   path: '^0.7.1',
19 verbose parsed url   href: '^0.7.1' }
20 verbose addNamed [ 'gulp-sass', '^0.7.1' ]
21 verbose addNamed [ null, '>=0.7.1-0 <0.8.0-0' ]
22 verbose cache add name="gulp-concat" spec="^2.2.0" args=["gulp-concat","^2.2.0"]
23 verbose parsed url { protocol: null,
23 verbose parsed url   slashes: null,
23 verbose parsed url   auth: null,
23 verbose parsed url   host: null,
23 verbose parsed url   port: null,
23 verbose parsed url   hostname: null,
23 verbose parsed url   hash: null,
23 verbose parsed url   search: null,
23 verbose parsed url   query: null,
23 verbose parsed url   pathname: '^2.2.0',
23 verbose parsed url   path: '^2.2.0',
23 verbose parsed url   href: '^2.2.0' }
24 verbose addNamed [ 'gulp-concat', '^2.2.0' ]
25 verbose addNamed [ null, '>=2.2.0-0 <3.0.0-0' ]
26 verbose cache add name="gulp-minify-css" spec="^0.3.0" args=["gulp-minify-css","^0.3.0"]
27 verbose parsed url { protocol: null,
27 verbose parsed url   slashes: null,
27 verbose parsed url   auth: null,
27 verbose parsed url   host: null,
27 verbose parsed url   port: null,
27 verbose parsed url   hostname: null,
27 verbose parsed url   hash: null,
27 verbose parsed url   search: null,
27 verbose parsed url   query: null,
27 verbose parsed url   pathname: '^0.3.0',
27 verbose parsed url   path: '^0.3.0',
27 verbose parsed url   href: '^0.3.0' }
28 verbose addNamed [ 'gulp-minify-css', '^0.3.0' ]
29 verbose addNamed [ null, '>=0.3.0-0 <0.4.0-0' ]
30 verbose cache add [ 'gulp-rename@^1.2.0', null ]
31 verbose cache add name=undefined spec="gulp-rename@^1.2.0" args=["gulp-rename@^1.2.0",null]
32 verbose parsed url { protocol: null,
32 verbose parsed url   slashes: null,
32 verbose parsed url   auth: null,
32 verbose parsed url   host: null,
32 verbose parsed url   port: null,
32 verbose parsed url   hostname: null,
32 verbose parsed url   hash: null,
32 verbose parsed url   search: null,
32 verbose parsed url   query: null,
32 verbose parsed url   pathname: 'gulp-rename@^1.2.0',
32 verbose parsed url   path: 'gulp-rename@^1.2.0',
32 verbose parsed url   href: 'gulp-rename@^1.2.0' }
33 verbose cache add [ 'bower@^1.3.3', null ]
34 verbose cache add name=undefined spec="bower@^1.3.3" args=["bower@^1.3.3",null]
35 verbose parsed url { protocol: null,
35 verbose parsed url   slashes: null,
35 verbose parsed url   auth: null,
35 verbose parsed url   host: null,
35 verbose parsed url   port: null,
35 verbose parsed url   hostname: null,
35 verbose parsed url   hash: null,
35 verbose parsed url   search: null,
35 verbose parsed url   query: null,
35 verbose parsed url   pathname: 'bower@^1.3.3',
35 verbose parsed url   path: 'bower@^1.3.3',
35 verbose parsed url   href: 'bower@^1.3.3' }
36 silly lockFile 77100620-gulp-sass-0-7-1 gulp-sass@^0.7.1
37 verbose lock gulp-sass@^0.7.1 /Users/quentindelattre/.npm/77100620-gulp-sass-0-7-1.lock
38 silly lockFile bade1119-gulp-concat-2-2-0 gulp-concat@^2.2.0
39 verbose lock gulp-concat@^2.2.0 /Users/quentindelattre/.npm/bade1119-gulp-concat-2-2-0.lock
40 silly lockFile 97140670-gulp-minify-css-0-3-0 gulp-minify-css@^0.3.0
41 verbose lock gulp-minify-css@^0.3.0 /Users/quentindelattre/.npm/97140670-gulp-minify-css-0-3-0.lock
42 verbose cache add name="gulp-rename" spec="^1.2.0" args=["gulp-rename","^1.2.0"]
43 verbose parsed url { protocol: null,
43 verbose parsed url   slashes: null,
43 verbose parsed url   auth: null,
43 verbose parsed url   host: null,
43 verbose parsed url   port: null,
43 verbose parsed url   hostname: null,
43 verbose parsed url   hash: null,
43 verbose parsed url   search: null,
43 verbose parsed url   query: null,
43 verbose parsed url   pathname: '^1.2.0',
43 verbose parsed url   path: '^1.2.0',
43 verbose parsed url   href: '^1.2.0' }
44 verbose addNamed [ 'gulp-rename', '^1.2.0' ]
45 verbose addNamed [ null, '>=1.2.0-0 <2.0.0-0' ]
46 silly lockFile 31cef36d-gulp-rename-1-2-0 gulp-rename@^1.2.0
47 verbose lock gulp-rename@^1.2.0 /Users/quentindelattre/.npm/31cef36d-gulp-rename-1-2-0.lock
48 verbose cache add [ 'gulp-util@^2.2.14', null ]
49 verbose cache add name=undefined spec="gulp-util@^2.2.14" args=["gulp-util@^2.2.14",null]
50 verbose parsed url { protocol: null,
50 verbose parsed url   slashes: null,
50 verbose parsed url   auth: null,
50 verbose parsed url   host: null,
50 verbose parsed url   port: null,
50 verbose parsed url   hostname: null,
50 verbose parsed url   hash: null,
50 verbose parsed url   search: null,
50 verbose parsed url   query: null,
50 verbose parsed url   pathname: 'gulp-util@^2.2.14',
50 verbose parsed url   path: 'gulp-util@^2.2.14',
50 verbose parsed url   href: 'gulp-util@^2.2.14' }
51 verbose cache add [ 'shelljs@^0.3.0', null ]
52 verbose cache add name=undefined spec="shelljs@^0.3.0" args=["shelljs@^0.3.0",null]
53 verbose parsed url { protocol: null,
53 verbose parsed url   slashes: null,
53 verbose parsed url   auth: null,
53 verbose parsed url   host: null,
53 verbose parsed url   port: null,
53 verbose parsed url   hostname: null,
53 verbose parsed url   hash: null,
53 verbose parsed url   search: null,
53 verbose parsed url   query: null,
53 verbose parsed url   pathname: 'shelljs@^0.3.0',
53 verbose parsed url   path: 'shelljs@^0.3.0',
53 verbose parsed url   href: 'shelljs@^0.3.0' }
54 verbose cache add name="bower" spec="^1.3.3" args=["bower","^1.3.3"]
55 verbose parsed url { protocol: null,
55 verbose parsed url   slashes: null,
55 verbose parsed url   auth: null,
55 verbose parsed url   host: null,
55 verbose parsed url   port: null,
55 verbose parsed url   hostname: null,
55 verbose parsed url   hash: null,
55 verbose parsed url   search: null,
55 verbose parsed url   query: null,
55 verbose parsed url   pathname: '^1.3.3',
55 verbose parsed url   path: '^1.3.3',
55 verbose parsed url   href: '^1.3.3' }
56 verbose addNamed [ 'bower', '^1.3.3' ]
57 verbose addNamed [ null, '>=1.3.3-0 <2.0.0-0' ]
58 silly lockFile 0aa5c27e-bower-1-3-3 bower@^1.3.3
59 verbose lock bower@^1.3.3 /Users/quentindelattre/.npm/0aa5c27e-bower-1-3-3.lock
60 verbose cache add name="gulp-util" spec="^2.2.14" args=["gulp-util","^2.2.14"]
61 verbose parsed url { protocol: null,
61 verbose parsed url   slashes: null,
61 verbose parsed url   auth: null,
61 verbose parsed url   host: null,
61 verbose parsed url   port: null,
61 verbose parsed url   hostname: null,
61 verbose parsed url   hash: null,
61 verbose parsed url   search: null,
61 verbose parsed url   query: null,
61 verbose parsed url   pathname: '^2.2.14',
61 verbose parsed url   path: '^2.2.14',
61 verbose parsed url   href: '^2.2.14' }
62 verbose addNamed [ 'gulp-util', '^2.2.14' ]
63 verbose addNamed [ null, '>=2.2.14-0 <3.0.0-0' ]
64 silly lockFile e3e5f16b-gulp-util-2-2-14 gulp-util@^2.2.14
65 verbose lock gulp-util@^2.2.14 /Users/quentindelattre/.npm/e3e5f16b-gulp-util-2-2-14.lock
66 verbose cache add [ 'gulp@^3.5.6', null ]
67 verbose cache add name=undefined spec="gulp@^3.5.6" args=["gulp@^3.5.6",null]
68 verbose parsed url { protocol: null,
68 verbose parsed url   slashes: null,
68 verbose parsed url   auth: null,
68 verbose parsed url   host: null,
68 verbose parsed url   port: null,
68 verbose parsed url   hostname: null,
68 verbose parsed url   hash: null,
68 verbose parsed url   search: null,
68 verbose parsed url   query: null,
68 verbose parsed url   pathname: 'gulp@^3.5.6',
68 verbose parsed url   path: 'gulp@^3.5.6',
68 verbose parsed url   href: 'gulp@^3.5.6' }
69 verbose cache add name="shelljs" spec="^0.3.0" args=["shelljs","^0.3.0"]
70 verbose parsed url { protocol: null,
70 verbose parsed url   slashes: null,
70 verbose parsed url   auth: null,
70 verbose parsed url   host: null,
70 verbose parsed url   port: null,
70 verbose parsed url   hostname: null,
70 verbose parsed url   hash: null,
70 verbose parsed url   search: null,
70 verbose parsed url   query: null,
70 verbose parsed url   pathname: '^0.3.0',
70 verbose parsed url   path: '^0.3.0',
70 verbose parsed url   href: '^0.3.0' }
71 verbose addNamed [ 'shelljs', '^0.3.0' ]
72 verbose addNamed [ null, '>=0.3.0-0 <0.4.0-0' ]
73 silly lockFile 1ddaa962-shelljs-0-3-0 shelljs@^0.3.0
74 verbose lock shelljs@^0.3.0 /Users/quentindelattre/.npm/1ddaa962-shelljs-0-3-0.lock
75 silly addNameRange { name: 'gulp-sass',
75 silly addNameRange   range: '>=0.7.1-0 <0.8.0-0',
75 silly addNameRange   hasData: false }
76 silly addNameRange { name: 'gulp-concat',
76 silly addNameRange   range: '>=2.2.0-0 <3.0.0-0',
76 silly addNameRange   hasData: false }
77 silly addNameRange { name: 'gulp-minify-css',
77 silly addNameRange   range: '>=0.3.0-0 <0.4.0-0',
77 silly addNameRange   hasData: false }
78 silly addNameRange { name: 'gulp-rename',
78 silly addNameRange   range: '>=1.2.0-0 <2.0.0-0',
78 silly addNameRange   hasData: false }
79 verbose cache add name="gulp" spec="^3.5.6" args=["gulp","^3.5.6"]
80 verbose parsed url { protocol: null,
80 verbose parsed url   slashes: null,
80 verbose parsed url   auth: null,
80 verbose parsed url   host: null,
80 verbose parsed url   port: null,
80 verbose parsed url   hostname: null,
80 verbose parsed url   hash: null,
80 verbose parsed url   search: null,
80 verbose parsed url   query: null,
80 verbose parsed url   pathname: '^3.5.6',
80 verbose parsed url   path: '^3.5.6',
80 verbose parsed url   href: '^3.5.6' }
81 verbose addNamed [ 'gulp', '^3.5.6' ]
82 verbose addNamed [ null, '>=3.5.6-0 <4.0.0-0' ]
83 silly lockFile 28ac0b1b-gulp-3-5-6 gulp@^3.5.6
84 verbose lock gulp@^3.5.6 /Users/quentindelattre/.npm/28ac0b1b-gulp-3-5-6.lock
85 silly addNameRange { name: 'bower', range: '>=1.3.3-0 <2.0.0-0', hasData: false }
86 silly addNameRange { name: 'gulp-util',
86 silly addNameRange   range: '>=2.2.14-0 <3.0.0-0',
86 silly addNameRange   hasData: false }
87 silly addNameRange { name: 'shelljs', range: '>=0.3.0-0 <0.4.0-0', hasData: false }
88 silly addNameRange { name: 'gulp', range: '>=3.5.6-0 <4.0.0-0', hasData: false }
89 verbose request where is /gulp-sass
90 verbose request registry https://registry.npmjs.org/
91 verbose request id 3de69b86ee397991
92 verbose url raw /gulp-sass
93 verbose url resolving [ 'https://registry.npmjs.org/', './gulp-sass' ]
94 verbose url resolved https://registry.npmjs.org/gulp-sass
95 verbose request where is https://registry.npmjs.org/gulp-sass
96 info trying registry request attempt 1 at 14:18:55
97 verbose etag "AW1D2LLZNIFOV8AU7J4JNXZW0"
98 http GET https://registry.npmjs.org/gulp-sass
99 verbose request where is /gulp-concat
100 verbose request registry https://registry.npmjs.org/
101 verbose url raw /gulp-concat
102 verbose url resolving [ 'https://registry.npmjs.org/', './gulp-concat' ]
103 verbose url resolved https://registry.npmjs.org/gulp-concat
104 verbose request where is https://registry.npmjs.org/gulp-concat
105 info trying registry request attempt 1 at 14:18:55
106 verbose etag "E57SHFEV8IBJESPUWS34N5OLM"
107 http GET https://registry.npmjs.org/gulp-concat
108 verbose request where is /gulp-rename
109 verbose request registry https://registry.npmjs.org/
110 verbose url raw /gulp-rename
111 verbose url resolving [ 'https://registry.npmjs.org/', './gulp-rename' ]
112 verbose url resolved https://registry.npmjs.org/gulp-rename
113 verbose request where is https://registry.npmjs.org/gulp-rename
114 info trying registry request attempt 1 at 14:18:55
115 verbose etag "6QAMX1VNPV2BDYG8DK5TWFDSG"
116 http GET https://registry.npmjs.org/gulp-rename
117 verbose request where is /gulp-minify-css
118 verbose request registry https://registry.npmjs.org/
119 verbose url raw /gulp-minify-css
120 verbose url resolving [ 'https://registry.npmjs.org/', './gulp-minify-css' ]
121 verbose url resolved https://registry.npmjs.org/gulp-minify-css
122 verbose request where is https://registry.npmjs.org/gulp-minify-css
123 info trying registry request attempt 1 at 14:18:55
124 verbose etag "CN4904OLWCHH0T2HJ6E845O3G"
125 http GET https://registry.npmjs.org/gulp-minify-css
126 verbose request where is /bower
127 verbose request registry https://registry.npmjs.org/
128 verbose url raw /bower
129 verbose url resolving [ 'https://registry.npmjs.org/', './bower' ]
130 verbose url resolved https://registry.npmjs.org/bower
131 verbose request where is https://registry.npmjs.org/bower
132 info trying registry request attempt 1 at 14:18:55
133 verbose etag "43HPWNFPHN3RDCFIS2MWD7K1V"
134 http GET https://registry.npmjs.org/bower
135 verbose request where is /gulp-util
136 verbose request registry https://registry.npmjs.org/
137 verbose url raw /gulp-util
138 verbose url resolving [ 'https://registry.npmjs.org/', './gulp-util' ]
139 verbose url resolved https://registry.npmjs.org/gulp-util
140 verbose request where is https://registry.npmjs.org/gulp-util
141 info trying registry request attempt 1 at 14:18:55
142 verbose etag "O4T0OGHSRL4TP6CR3ZV0IF20"
143 http GET https://registry.npmjs.org/gulp-util
144 verbose request where is /shelljs
145 verbose request registry https://registry.npmjs.org/
146 verbose url raw /shelljs
147 verbose url resolving [ 'https://registry.npmjs.org/', './shelljs' ]
148 verbose url resolved https://registry.npmjs.org/shelljs
149 verbose request where is https://registry.npmjs.org/shelljs
150 info trying registry request attempt 1 at 14:18:55
151 verbose etag "6ZM323HEH834JDU2VN9LGSJ8Z"
152 http GET https://registry.npmjs.org/shelljs
153 verbose request where is /gulp
154 verbose request registry https://registry.npmjs.org/
155 verbose url raw /gulp
156 verbose url resolving [ 'https://registry.npmjs.org/', './gulp' ]
157 verbose url resolved https://registry.npmjs.org/gulp
158 verbose request where is https://registry.npmjs.org/gulp
159 info trying registry request attempt 1 at 14:18:55
160 verbose etag "VAHQRM6SF486UDDW6L1Z0ETS"
161 http GET https://registry.npmjs.org/gulp
162 http 304 https://registry.npmjs.org/bower
163 silly registry.get cb [ 304,
163 silly registry.get   { date: 'Thu, 12 Mar 2015 13:18:55 GMT',
163 silly registry.get     server: 'Apache',
163 silly registry.get     via: '1.1 varnish',
163 silly registry.get     'last-modified': 'Thu, 12 Mar 2015 13:18:55 GMT',
163 silly registry.get     'cache-control': 'max-age=60',
163 silly registry.get     etag: '"43HPWNFPHN3RDCFIS2MWD7K1V"',
163 silly registry.get     age: '42',
163 silly registry.get     'x-served-by': 'cache-fra1244-FRA',
163 silly registry.get     'x-cache': 'HIT',
163 silly registry.get     'x-cache-hits': '1',
163 silly registry.get     'x-timer': 'S1426166335.043580,VS0,VE0',
163 silly registry.get     vary: 'Accept',
163 silly registry.get     'content-length': '0',
163 silly registry.get     'keep-alive': 'timeout=10, max=50',
163 silly registry.get     connection: 'Keep-Alive' } ]
164 verbose etag https://registry.npmjs.org/bower from cache
165 http 304 https://registry.npmjs.org/gulp-minify-css
166 silly registry.get cb [ 304,
166 silly registry.get   { date: 'Thu, 12 Mar 2015 13:18:55 GMT',
166 silly registry.get     server: 'Apache',
166 silly registry.get     via: '1.1 varnish',
166 silly registry.get     'last-modified': 'Thu, 12 Mar 2015 13:18:01 GMT',
166 silly registry.get     'cache-control': 'max-age=60',
166 silly registry.get     etag: '"CN4904OLWCHH0T2HJ6E845O3G"',
166 silly registry.get     age: '58',
166 silly registry.get     'x-served-by': 'cache-fra1235-FRA',
166 silly registry.get     'x-cache': 'HIT',
166 silly registry.get     'x-cache-hits': '2',
166 silly registry.get     'x-timer': 'S1426166335.050492,VS0,VE0',
166 silly registry.get     vary: 'Accept',
166 silly registry.get     'content-length': '0',
166 silly registry.get     'keep-alive': 'timeout=10, max=50',
166 silly registry.get     connection: 'Keep-Alive' } ]
167 verbose etag https://registry.npmjs.org/gulp-minify-css from cache
168 http 304 https://registry.npmjs.org/gulp-rename
169 silly registry.get cb [ 304,
169 silly registry.get   { date: 'Thu, 12 Mar 2015 13:18:55 GMT',
169 silly registry.get     server: 'Apache',
169 silly registry.get     via: '1.1 varnish',
169 silly registry.get     'last-modified': 'Thu, 12 Mar 2015 13:18:55 GMT',
169 silly registry.get     'cache-control': 'max-age=60',
169 silly registry.get     etag: '"6QAMX1VNPV2BDYG8DK5TWFDSG"',
169 silly registry.get     age: '19',
169 silly registry.get     'x-served-by': 'cache-fra1236-FRA',
169 silly registry.get     'x-cache': 'HIT',
169 silly registry.get     'x-cache-hits': '1',
169 silly registry.get     'x-timer': 'S1426166335.051603,VS0,VE0',
169 silly registry.get     vary: 'Accept',
169 silly registry.get     'content-length': '0',
169 silly registry.get     'keep-alive': 'timeout=10, max=50',
169 silly registry.get     connection: 'Keep-Alive' } ]
170 verbose etag https://registry.npmjs.org/gulp-rename from cache
171 silly addNameRange number 2 { name: 'bower', range: '>=1.3.3-0 <2.0.0-0', hasData: true }
172 silly addNameRange versions [ 'bower',
172 silly addNameRange   [ '0.1.0',
172 silly addNameRange     '0.1.2',
172 silly addNameRange     '0.1.3',
172 silly addNameRange     '0.2.0',
172 silly addNameRange     '0.3.0',
172 silly addNameRange     '0.3.1',
172 silly addNameRange     '0.3.2',
172 silly addNameRange     '0.4.0',
172 silly addNameRange     '0.5.0',
172 silly addNameRange     '0.5.1',
172 silly addNameRange     '0.6.0',
172 silly addNameRange     '0.6.1',
172 silly addNameRange     '0.6.2',
172 silly addNameRange     '0.6.3',
172 silly addNameRange     '0.6.4',
172 silly addNameRange     '0.6.5',
172 silly addNameRange     '0.6.6',
172 silly addNameRange     '0.6.7',
172 silly addNameRange     '0.6.8',
172 silly addNameRange     '0.7.0',
172 silly addNameRange     '0.7.1',
172 silly addNameRange     '0.8.0',
172 silly addNameRange     '0.8.1',
172 silly addNameRange     '0.8.2',
172 silly addNameRange     '0.8.3',
172 silly addNameRange     '0.8.4',
172 silly addNameRange     '0.8.5',
172 silly addNameRange     '0.8.6',
172 silly addNameRange     '0.9.0',
172 silly addNameRange     '0.9.1',
172 silly addNameRange     '0.9.2',
172 silly addNameRange     '0.10.0',
172 silly addNameRange     '1.0.0',
172 silly addNameRange     '1.0.1',
172 silly addNameRange     '1.0.2',
172 silly addNameRange     '1.0.3',
172 silly addNameRange     '1.1.0',
172 silly addNameRange     '1.1.1',
172 silly addNameRange     '1.1.2',
172 silly addNameRange     '1.2.0',
172 silly addNameRange     '1.2.1',
172 silly addNameRange     '1.2.2',
172 silly addNameRange     '1.2.3',
172 silly addNameRange     '1.2.4',
172 silly addNameRange     '1.2.5',
172 silly addNameRange     '1.2.6',
172 silly addNameRange     '1.2.7',
172 silly addNameRange     '1.2.8',
172 silly addNameRange     '1.3.0',
172 silly addNameRange     '1.3.1',
172 silly addNameRange     '1.3.2',
172 silly addNameRange     '1.3.3',
172 silly addNameRange     '1.3.4',
172 silly addNameRange     '1.3.5',
172 silly addNameRange     '1.3.6',
172 silly addNameRange     '1.3.7',
172 silly addNameRange     '1.3.8',
172 silly addNameRange     '1.3.9',
172 silly addNameRange     '1.3.10',
172 silly addNameRange     '1.3.11',
172 silly addNameRange     '1.3.12' ] ]
173 verbose addNamed [ 'bower', '1.3.12' ]
174 verbose addNamed [ '1.3.12', '1.3.12' ]
175 silly lockFile 9819431c-bower-1-3-12 bower@1.3.12
176 verbose lock bower@1.3.12 /Users/quentindelattre/.npm/9819431c-bower-1-3-12.lock
177 silly addNameRange number 2 { name: 'gulp-minify-css',
177 silly addNameRange   range: '>=0.3.0-0 <0.4.0-0',
177 silly addNameRange   hasData: true }
178 silly addNameRange versions [ 'gulp-minify-css',
178 silly addNameRange   [ '0.0.1',
178 silly addNameRange     '0.1.0',
178 silly addNameRange     '0.2.0',
178 silly addNameRange     '0.3.0',
178 silly addNameRange     '0.3.1',
178 silly addNameRange     '0.3.2',
178 silly addNameRange     '0.3.3',
178 silly addNameRange     '0.3.4',
178 silly addNameRange     '0.3.5',
178 silly addNameRange     '0.3.6',
178 silly addNameRange     '0.3.7',
178 silly addNameRange     '0.3.8',
178 silly addNameRange     '0.3.9',
178 silly addNameRange     '0.3.10',
178 silly addNameRange     '0.3.11',
178 silly addNameRange     '0.3.12',
178 silly addNameRange     '0.3.13',
178 silly addNameRange     '0.4.0',
178 silly addNameRange     '0.4.1',
178 silly addNameRange     '0.4.2',
178 silly addNameRange     '0.4.3',
178 silly addNameRange     '0.4.4',
178 silly addNameRange     '0.4.5',
178 silly addNameRange     '0.4.6',
178 silly addNameRange     '0.5.0',
178 silly addNameRange     '0.5.1',
178 silly addNameRange     '1.0.0' ] ]
179 verbose addNamed [ 'gulp-minify-css', '0.3.13' ]
180 verbose addNamed [ '0.3.13', '0.3.13' ]
181 silly lockFile 9038a954-gulp-minify-css-0-3-13 gulp-minify-css@0.3.13
182 verbose lock gulp-minify-css@0.3.13 /Users/quentindelattre/.npm/9038a954-gulp-minify-css-0-3-13.lock
183 silly addNameRange number 2 { name: 'gulp-rename',
183 silly addNameRange   range: '>=1.2.0-0 <2.0.0-0',
183 silly addNameRange   hasData: true }
184 silly addNameRange versions [ 'gulp-rename',
184 silly addNameRange   [ '0.1.0', '0.2.1', '0.2.2', '1.0.0', '1.1.0', '1.2.0' ] ]
185 verbose addNamed [ 'gulp-rename', '1.2.0' ]
186 verbose addNamed [ '1.2.0', '1.2.0' ]
187 silly lockFile 5981c611-gulp-rename-1-2-0 gulp-rename@1.2.0
188 verbose lock gulp-rename@1.2.0 /Users/quentindelattre/.npm/5981c611-gulp-rename-1-2-0.lock
189 silly lockFile 9038a954-gulp-minify-css-0-3-13 gulp-minify-css@0.3.13
190 silly lockFile 9038a954-gulp-minify-css-0-3-13 gulp-minify-css@0.3.13
191 silly lockFile 9819431c-bower-1-3-12 bower@1.3.12
192 silly lockFile 9819431c-bower-1-3-12 bower@1.3.12
193 silly lockFile 97140670-gulp-minify-css-0-3-0 gulp-minify-css@^0.3.0
194 silly lockFile 97140670-gulp-minify-css-0-3-0 gulp-minify-css@^0.3.0
195 silly lockFile 0aa5c27e-bower-1-3-3 bower@^1.3.3
196 silly lockFile 0aa5c27e-bower-1-3-3 bower@^1.3.3
197 silly lockFile 5981c611-gulp-rename-1-2-0 gulp-rename@1.2.0
198 silly lockFile 5981c611-gulp-rename-1-2-0 gulp-rename@1.2.0
199 silly lockFile 31cef36d-gulp-rename-1-2-0 gulp-rename@^1.2.0
200 silly lockFile 31cef36d-gulp-rename-1-2-0 gulp-rename@^1.2.0
201 http 304 https://registry.npmjs.org/gulp-util
202 silly registry.get cb [ 304,
202 silly registry.get   { date: 'Thu, 12 Mar 2015 13:18:55 GMT',
202 silly registry.get     server: 'Apache',
202 silly registry.get     via: '1.1 varnish',
202 silly registry.get     'last-modified': 'Thu, 12 Mar 2015 13:18:55 GMT',
202 silly registry.get     'cache-control': 'max-age=60',
202 silly registry.get     etag: '"O4T0OGHSRL4TP6CR3ZV0IF20"',
202 silly registry.get     age: '38',
202 silly registry.get     'x-served-by': 'cache-fra1244-FRA',
202 silly registry.get     'x-cache': 'HIT',
202 silly registry.get     'x-cache-hits': '1',
202 silly registry.get     'x-timer': 'S1426166335.083330,VS0,VE0',
202 silly registry.get     vary: 'Accept',
202 silly registry.get     'content-length': '0',
202 silly registry.get     'keep-alive': 'timeout=10, max=49',
202 silly registry.get     connection: 'Keep-Alive' } ]
203 verbose etag https://registry.npmjs.org/gulp-util from cache
204 silly addNameRange number 2 { name: 'gulp-util',
204 silly addNameRange   range: '>=2.2.14-0 <3.0.0-0',
204 silly addNameRange   hasData: true }
205 silly addNameRange versions [ 'gulp-util',
205 silly addNameRange   [ '0.0.1',
205 silly addNameRange     '1.0.0',
205 silly addNameRange     '1.1.0',
205 silly addNameRange     '1.1.1',
205 silly addNameRange     '1.2.0',
205 silly addNameRange     '1.3.0',
205 silly addNameRange     '2.0.0',
205 silly addNameRange     '2.1.1',
205 silly addNameRange     '2.1.2',
205 silly addNameRange     '2.1.3',
205 silly addNameRange     '2.1.4',
205 silly addNameRange     '2.2.0',
205 silly addNameRange     '2.2.1',
205 silly addNameRange     '2.2.2',
205 silly addNameRange     '2.2.3',
205 silly addNameRange     '2.2.5',
205 silly addNameRange     '2.2.6',
205 silly addNameRange     '2.2.7',
205 silly addNameRange     '2.2.8',
205 silly addNameRange     '2.2.9',
205 silly addNameRange     '2.2.10',
205 silly addNameRange     '2.2.11',
205 silly addNameRange     '2.2.12',
205 silly addNameRange     '2.2.13',
205 silly addNameRange     '2.2.14',
205 silly addNameRange     '2.2.15',
205 silly addNameRange     '2.2.16',
205 silly addNameRange     '2.2.17',
205 silly addNameRange     '2.2.18',
205 silly addNameRange     '2.2.19',
205 silly addNameRange     '2.2.20',
205 silly addNameRange     '3.0.0',
205 silly addNameRange     '3.0.1',
205 silly addNameRange     '3.0.2',
205 silly addNameRange     '3.0.3',
205 silly addNameRange     '3.0.4' ] ]
206 verbose addNamed [ 'gulp-util', '2.2.20' ]
207 verbose addNamed [ '2.2.20', '2.2.20' ]
208 silly lockFile 48c194cb-gulp-util-2-2-20 gulp-util@2.2.20
209 verbose lock gulp-util@2.2.20 /Users/quentindelattre/.npm/48c194cb-gulp-util-2-2-20.lock
210 silly lockFile 34166e88-g-gulp-util-gulp-util-2-2-20-tgz https://registry.npmjs.org/gulp-util/-/gulp-util-2.2.20.tgz
211 verbose lock https://registry.npmjs.org/gulp-util/-/gulp-util-2.2.20.tgz /Users/quentindelattre/.npm/34166e88-g-gulp-util-gulp-util-2-2-20-tgz.lock
212 http 304 https://registry.npmjs.org/shelljs
213 silly registry.get cb [ 304,
213 silly registry.get   { date: 'Thu, 12 Mar 2015 13:18:55 GMT',
213 silly registry.get     server: 'Apache',
213 silly registry.get     via: '1.1 varnish',
213 silly registry.get     'last-modified': 'Thu, 12 Mar 2015 13:18:14 GMT',
213 silly registry.get     'cache-control': 'max-age=60',
213 silly registry.get     etag: '"6ZM323HEH834JDU2VN9LGSJ8Z"',
213 silly registry.get     age: '50',
213 silly registry.get     'x-served-by': 'cache-fra1235-FRA',
213 silly registry.get     'x-cache': 'HIT',
213 silly registry.get     'x-cache-hits': '6',
213 silly registry.get     'x-timer': 'S1426166335.091893,VS0,VE0',
213 silly registry.get     vary: 'Accept',
213 silly registry.get     'content-length': '0',
213 silly registry.get     'keep-alive': 'timeout=10, max=49',
213 silly registry.get     connection: 'Keep-Alive' } ]
214 verbose etag https://registry.npmjs.org/shelljs from cache
215 verbose addRemoteTarball [ 'https://registry.npmjs.org/gulp-util/-/gulp-util-2.2.20.tgz',
215 verbose addRemoteTarball   'd7146e5728910bd8f047a6b0b1e549bc22dbd64c' ]
216 silly addNameRange number 2 { name: 'shelljs', range: '>=0.3.0-0 <0.4.0-0', hasData: true }
217 silly addNameRange versions [ 'shelljs',
217 silly addNameRange   [ '0.0.1',
217 silly addNameRange     '0.0.2',
217 silly addNameRange     '0.0.3',
217 silly addNameRange     '0.0.4',
217 silly addNameRange     '0.0.5',
217 silly addNameRange     '0.0.6',
217 silly addNameRange     '0.0.7',
217 silly addNameRange     '0.0.8',
217 silly addNameRange     '0.0.9',
217 silly addNameRange     '0.1.0',
217 silly addNameRange     '0.1.1',
217 silly addNameRange     '0.1.2',
217 silly addNameRange     '0.1.3',
217 silly addNameRange     '0.1.4',
217 silly addNameRange     '0.2.0',
217 silly addNameRange     '0.2.1',
217 silly addNameRange     '0.2.2',
217 silly addNameRange     '0.2.3',
217 silly addNameRange     '0.2.4',
217 silly addNameRange     '0.2.5',
217 silly addNameRange     '0.2.6',
217 silly addNameRange     '0.3.0',
217 silly addNameRange     '0.0.1-alpha1',
217 silly addNameRange     '0.0.2-pre1',
217 silly addNameRange     '0.0.4-pre1',
217 silly addNameRange     '0.0.5-pre1',
217 silly addNameRange     '0.0.5-pre2',
217 silly addNameRange     '0.0.5-pre3',
217 silly addNameRange     '0.0.5-pre4',
217 silly addNameRange     '0.0.6-pre1',
217 silly addNameRange     '0.0.6-pre2' ] ]
218 verbose addNamed [ 'shelljs', '0.3.0' ]
219 verbose addNamed [ '0.3.0', '0.3.0' ]
220 silly lockFile 7d3918b1-shelljs-0-3-0 shelljs@0.3.0
221 verbose lock shelljs@0.3.0 /Users/quentindelattre/.npm/7d3918b1-shelljs-0-3-0.lock
222 info retry fetch attempt 1 at 14:18:55
223 verbose fetch to= /var/folders/jg/lcg9bn4n7js4zwwvdns6h90r0000gn/T/npm-7001-G9n872zz/registry.npmjs.org/gulp-util/-/gulp-util-2.2.20.tgz
224 http GET https://registry.npmjs.org/gulp-util/-/gulp-util-2.2.20.tgz
225 silly lockFile 7d3918b1-shelljs-0-3-0 shelljs@0.3.0
226 silly lockFile 7d3918b1-shelljs-0-3-0 shelljs@0.3.0
227 silly lockFile 1ddaa962-shelljs-0-3-0 shelljs@^0.3.0
228 silly lockFile 1ddaa962-shelljs-0-3-0 shelljs@^0.3.0
229 http 200 https://registry.npmjs.org/gulp-sass
230 silly registry.get cb [ 200,
230 silly registry.get   { date: 'Thu, 12 Mar 2015 13:18:55 GMT',
230 silly registry.get     server: 'CouchDB/1.5.0 (Erlang OTP/R16B03)',
230 silly registry.get     etag: '"DV85377J6540NHN0PMK4AGU6C"',
230 silly registry.get     'content-type': 'application/json',
230 silly registry.get     'cache-control': 'max-age=60',
230 silly registry.get     'content-length': '32300',
230 silly registry.get     'accept-ranges': 'bytes',
230 silly registry.get     via: '1.1 varnish',
230 silly registry.get     age: '14',
230 silly registry.get     'x-served-by': 'cache-fra1233-FRA',
230 silly registry.get     'x-cache': 'HIT',
230 silly registry.get     'x-cache-hits': '1',
230 silly registry.get     'x-timer': 'S1426166335.053324,VS0,VE0',
230 silly registry.get     vary: 'Accept',
230 silly registry.get     'keep-alive': 'timeout=10, max=50',
230 silly registry.get     connection: 'Keep-Alive' } ]
231 silly addNameRange number 2 { name: 'gulp-sass', range: '>=0.7.1-0 <0.8.0-0', hasData: true }
232 silly addNameRange versions [ 'gulp-sass',
232 silly addNameRange   [ '0.1.0',
232 silly addNameRange     '0.2.1',
232 silly addNameRange     '0.2.2',
232 silly addNameRange     '0.2.3',
232 silly addNameRange     '0.3.0',
232 silly addNameRange     '0.4.0',
232 silly addNameRange     '0.4.1',
232 silly addNameRange     '0.5.0',
232 silly addNameRange     '0.5.1',
232 silly addNameRange     '0.5.2',
232 silly addNameRange     '0.6.0',
232 silly addNameRange     '0.7.0',
232 silly addNameRange     '0.7.1',
232 silly addNameRange     '0.7.2',
232 silly addNameRange     '0.7.3',
232 silly addNameRange     '1.0.0',
232 silly addNameRange     '1.1.0',
232 silly addNameRange     '1.2.0',
232 silly addNameRange     '1.2.1',
232 silly addNameRange     '1.2.2',
232 silly addNameRange     '1.2.3',
232 silly addNameRange     '1.2.4',
232 silly addNameRange     '1.3.0',
232 silly addNameRange     '1.3.1',
232 silly addNameRange     '1.3.2',
232 silly addNameRange     '1.3.3' ] ]
233 verbose addNamed [ 'gulp-sass', '0.7.3' ]
234 verbose addNamed [ '0.7.3', '0.7.3' ]
235 silly lockFile 721f0c96-gulp-sass-0-7-3 gulp-sass@0.7.3
236 verbose lock gulp-sass@0.7.3 /Users/quentindelattre/.npm/721f0c96-gulp-sass-0-7-3.lock
237 silly lockFile 721f0c96-gulp-sass-0-7-3 gulp-sass@0.7.3
238 silly lockFile 721f0c96-gulp-sass-0-7-3 gulp-sass@0.7.3
239 silly lockFile 77100620-gulp-sass-0-7-1 gulp-sass@^0.7.1
240 silly lockFile 77100620-gulp-sass-0-7-1 gulp-sass@^0.7.1
241 http 200 https://registry.npmjs.org/gulp
242 silly registry.get cb [ 200,
242 silly registry.get   { date: 'Thu, 12 Mar 2015 13:18:55 GMT',
242 silly registry.get     server: 'CouchDB/1.5.0 (Erlang OTP/R16B03)',
242 silly registry.get     etag: '"EELUQWGSCAJUBKDHUEHMCGMAG"',
242 silly registry.get     'content-type': 'application/json',
242 silly registry.get     'cache-control': 'max-age=60',
242 silly registry.get     'content-length': '100505',
242 silly registry.get     'accept-ranges': 'bytes',
242 silly registry.get     via: '1.1 varnish',
242 silly registry.get     age: '36',
242 silly registry.get     'x-served-by': 'cache-fra1236-FRA',
242 silly registry.get     'x-cache': 'HIT',
242 silly registry.get     'x-cache-hits': '1',
242 silly registry.get     'x-timer': 'S1426166335.093528,VS0,VE0',
242 silly registry.get     vary: 'Accept',
242 silly registry.get     'keep-alive': 'timeout=10, max=49',
242 silly registry.get     connection: 'Keep-Alive' } ]
243 silly addNameRange number 2 { name: 'gulp', range: '>=3.5.6-0 <4.0.0-0', hasData: true }
244 silly addNameRange versions [ 'gulp',
244 silly addNameRange   [ '0.0.1',
244 silly addNameRange     '0.0.2',
244 silly addNameRange     '0.0.3',
244 silly addNameRange     '0.0.4',
244 silly addNameRange     '0.0.5',
244 silly addNameRange     '0.0.7',
244 silly addNameRange     '0.0.8',
244 silly addNameRange     '0.0.9',
244 silly addNameRange     '0.1.0',
244 silly addNameRange     '0.2.0',
244 silly addNameRange     '1.0.0',
244 silly addNameRange     '1.1.0',
244 silly addNameRange     '1.2.0',
244 silly addNameRange     '1.2.1',
244 silly addNameRange     '2.0.0',
244 silly addNameRange     '2.0.1',
244 silly addNameRange     '2.1.0',
244 silly addNameRange     '2.2.0',
244 silly addNameRange     '2.3.0',
244 silly addNameRange     '2.4.0',
244 silly addNameRange     '2.4.1',
244 silly addNameRange     '2.6.0',
244 silly addNameRange     '2.6.1',
244 silly addNameRange     '2.7.0',
244 silly addNameRange     '3.0.0',
244 silly addNameRange     '3.1.1',
244 silly addNameRange     '3.1.2',
244 silly addNameRange     '3.1.3',
244 silly addNameRange     '3.1.4',
244 silly addNameRange     '3.2.0',
244 silly addNameRange     '3.2.1',
244 silly addNameRange     '3.2.2',
244 silly addNameRange     '3.2.3',
244 silly addNameRange     '3.2.4',
244 silly addNameRange     '3.2.5',
244 silly addNameRange     '3.3.0',
244 silly addNameRange     '3.3.1',
244 silly addNameRange     '3.3.2',
244 silly addNameRange     '3.3.4',
244 silly addNameRange     '3.4.0',
244 silly addNameRange     '3.5.0',
244 silly addNameRange     '3.5.1',
244 silly addNameRange     '3.5.2',
244 silly addNameRange     '3.5.5',
244 silly addNameRange     '3.5.6',
244 silly addNameRange     '3.6.0',
244 silly addNameRange     '3.6.1',
244 silly addNameRange     '3.6.2',
244 silly addNameRange     '3.7.0',
244 silly addNameRange     '3.8.0',
244 silly addNameRange     '3.8.1',
244 silly addNameRange     '3.8.2',
244 silly addNameRange     '3.8.3',
244 silly addNameRange     '3.8.4',
244 silly addNameRange     '3.8.5',
244 silly addNameRange     '3.8.6',
244 silly addNameRange     '3.8.7',
244 silly addNameRange     '3.8.8',
244 silly addNameRange     '3.8.9',
244 silly addNameRange     '3.8.10',
244 silly addNameRange     '3.8.11' ] ]
245 verbose addNamed [ 'gulp', '3.8.11' ]
246 verbose addNamed [ '3.8.11', '3.8.11' ]
247 silly lockFile 3d31ec08-gulp-3-8-11 gulp@3.8.11
248 verbose lock gulp@3.8.11 /Users/quentindelattre/.npm/3d31ec08-gulp-3-8-11.lock
249 silly lockFile 2528ddbe-y-npmjs-org-gulp-gulp-3-8-11-tgz https://registry.npmjs.org/gulp/-/gulp-3.8.11.tgz
250 verbose lock https://registry.npmjs.org/gulp/-/gulp-3.8.11.tgz /Users/quentindelattre/.npm/2528ddbe-y-npmjs-org-gulp-gulp-3-8-11-tgz.lock
251 verbose addRemoteTarball [ 'https://registry.npmjs.org/gulp/-/gulp-3.8.11.tgz',
251 verbose addRemoteTarball   'd557e0a7283eb4136491969b0497767972f1d28a' ]
252 info retry fetch attempt 1 at 14:18:55
253 verbose fetch to= /var/folders/jg/lcg9bn4n7js4zwwvdns6h90r0000gn/T/npm-7001-G9n872zz/registry.npmjs.org/gulp/-/gulp-3.8.11.tgz
254 http GET https://registry.npmjs.org/gulp/-/gulp-3.8.11.tgz
255 http 200 https://registry.npmjs.org/gulp-util/-/gulp-util-2.2.20.tgz
256 silly lockFile 34166e88-g-gulp-util-gulp-util-2-2-20-tgz https://registry.npmjs.org/gulp-util/-/gulp-util-2.2.20.tgz
257 silly lockFile 34166e88-g-gulp-util-gulp-util-2-2-20-tgz https://registry.npmjs.org/gulp-util/-/gulp-util-2.2.20.tgz
258 silly lockFile 48c194cb-gulp-util-2-2-20 gulp-util@2.2.20
259 silly lockFile 48c194cb-gulp-util-2-2-20 gulp-util@2.2.20
260 silly lockFile e3e5f16b-gulp-util-2-2-14 gulp-util@^2.2.14
261 silly lockFile e3e5f16b-gulp-util-2-2-14 gulp-util@^2.2.14
262 http 200 https://registry.npmjs.org/gulp/-/gulp-3.8.11.tgz
263 silly lockFile 2528ddbe-y-npmjs-org-gulp-gulp-3-8-11-tgz https://registry.npmjs.org/gulp/-/gulp-3.8.11.tgz
264 silly lockFile 2528ddbe-y-npmjs-org-gulp-gulp-3-8-11-tgz https://registry.npmjs.org/gulp/-/gulp-3.8.11.tgz
265 silly lockFile 3d31ec08-gulp-3-8-11 gulp@3.8.11
266 silly lockFile 3d31ec08-gulp-3-8-11 gulp@3.8.11
267 silly lockFile 28ac0b1b-gulp-3-5-6 gulp@^3.5.6
268 silly lockFile 28ac0b1b-gulp-3-5-6 gulp@^3.5.6
269 http 200 https://registry.npmjs.org/gulp-concat
270 silly registry.get cb [ 200,
270 silly registry.get   { date: 'Thu, 12 Mar 2015 13:18:55 GMT',
270 silly registry.get     server: 'CouchDB/1.5.0 (Erlang OTP/R16B03)',
270 silly registry.get     etag: '"4XZCFRRM1YBOTN797PRECWL5R"',
270 silly registry.get     'content-type': 'application/json',
270 silly registry.get     'cache-control': 'max-age=60',
270 silly registry.get     'content-length': '35051',
270 silly registry.get     'accept-ranges': 'bytes',
270 silly registry.get     via: '1.1 varnish',
270 silly registry.get     age: '0',
270 silly registry.get     'x-served-by': 'cache-fra1234-FRA',
270 silly registry.get     'x-cache': 'HIT',
270 silly registry.get     'x-cache-hits': '1',
270 silly registry.get     'x-timer': 'S1426166335.043333,VS0,VE697',
270 silly registry.get     vary: 'Accept',
270 silly registry.get     'keep-alive': 'timeout=10, max=50',
270 silly registry.get     connection: 'Keep-Alive' } ]
271 silly addNameRange number 2 { name: 'gulp-concat',
271 silly addNameRange   range: '>=2.2.0-0 <3.0.0-0',
271 silly addNameRange   hasData: true }
272 silly addNameRange versions [ 'gulp-concat',
272 silly addNameRange   [ '0.0.1',
272 silly addNameRange     '1.0.0',
272 silly addNameRange     '1.1.0',
272 silly addNameRange     '2.0.0',
272 silly addNameRange     '2.1.0',
272 silly addNameRange     '2.1.1',
272 silly addNameRange     '2.1.2',
272 silly addNameRange     '2.1.3',
272 silly addNameRange     '2.1.4',
272 silly addNameRange     '2.1.5',
272 silly addNameRange     '2.1.6',
272 silly addNameRange     '2.1.7',
272 silly addNameRange     '2.2.0',
272 silly addNameRange     '2.3.0',
272 silly addNameRange     '2.3.3',
272 silly addNameRange     '2.3.4',
272 silly addNameRange     '2.3.5',
272 silly addNameRange     '2.4.0',
272 silly addNameRange     '2.4.1',
272 silly addNameRange     '2.4.2',
272 silly addNameRange     '2.4.3',
272 silly addNameRange     '2.5.0',
272 silly addNameRange     '2.5.1',
272 silly addNameRange     '2.5.2' ] ]
273 verbose addNamed [ 'gulp-concat', '2.5.2' ]
274 verbose addNamed [ '2.5.2', '2.5.2' ]
275 silly lockFile f86cbda2-gulp-concat-2-5-2 gulp-concat@2.5.2
276 verbose lock gulp-concat@2.5.2 /Users/quentindelattre/.npm/f86cbda2-gulp-concat-2-5-2.lock
277 silly lockFile f86cbda2-gulp-concat-2-5-2 gulp-concat@2.5.2
278 silly lockFile f86cbda2-gulp-concat-2-5-2 gulp-concat@2.5.2
279 silly lockFile bade1119-gulp-concat-2-2-0 gulp-concat@^2.2.0
280 silly lockFile bade1119-gulp-concat-2-2-0 gulp-concat@^2.2.0
281 error Error: EACCES, mkdir '/Users/quentindelattre/.npm/gulp-util/2.2.20'
281 error  { [Error: EACCES, mkdir '/Users/quentindelattre/.npm/gulp-util/2.2.20']
281 error   errno: 3,
281 error   code: 'EACCES',
281 error   path: '/Users/quentindelattre/.npm/gulp-util/2.2.20',
281 error   parent: 'citizen-engagement' }
282 error Please try running this command again as root/Administrator.
283 error System Darwin 14.1.0
284 error command "/usr/local/bin/node" "/usr/local/bin/npm" "install"
285 error cwd /Users/quentindelattre/Documents/HEIG/CC3144_Informatique_Integration/AppMob/citizen-engagement
286 error node -v v0.10.33
287 error npm -v 1.4.28
288 error path /Users/quentindelattre/.npm/gulp-util/2.2.20
289 error code EACCES
290 error errno 3
291 error stack Error: EACCES, mkdir '/Users/quentindelattre/.npm/gulp-util/2.2.20'
292 verbose exit [ 3, true ]
